Starting new HTTP connection (1): iroyin-backend-env.eba-wmgpq2d7.us-west-2.elasticbeanstalk.com:80
http://iroyin-backend-env.eba-wmgpq2d7.us-west-2.elasticbeanstalk.com:80 "POST /auth/api/token/ HTTP/1.1" 200 483
200
{'refresh': 'eyJ0eXAiOiJKV1QiLCJhbGciOiJIUzI1NiJ9.eyJ0b2tlbl90eXBlIjoicmVmcmVzaCIsImV4cCI6MTY3MzYwNDI4NSwiaWF0IjoxNjczNTE3ODg1LCJqdGkiOiI5NGJhOWRiMWMyODM0ZjBmYjk4NjgxNDA2NWExMGJjMiIsInVzZXJfaWQiOjF9.XQuUpXyJmSskwzZLeG97xdndegcIiI7CBIssvNqdhak', 'access': 'eyJ0eXAiOiJKV1QiLCJhbGciOiJIUzI1NiJ9.eyJ0b2tlbl90eXBlIjoiYWNjZXNzIiwiZXhwIjoxNjczNjA0Mjg1LCJpYXQiOjE2NzM1MTc4ODUsImp0aSI6ImNmYTdhMGJhZTI2YjRhMGM5YTVkZjk3YWEwZDI0YTM5IiwidXNlcl9pZCI6MX0.FUQgopgXdM0zgIYs3poZIoEUZVokzLvGxKfvkNSw4zY'}
got the token
Adding job tentatively -- it will be properly scheduled when the scheduler starts
Added job "fetch_news" to job store "default"
Scheduler started
Looking for jobs to run
Next wakeup is due at 2023-01-12 14:28:58.477240+00:00 (in 14399.999343 seconds)
Adding job tentatively -- it will be properly scheduled when the scheduler starts
Added job "fetch_news" to job store "default"
Scheduler started
Looking for jobs to run
Next wakeup is due at 2023-01-12 14:28:58.947816+00:00 (in 14399.999534 seconds)
Watching for file changes with StatReloader
Adding job tentatively -- it will be properly scheduled when the scheduler starts
Added job "fetch_news" to job store "default"
Scheduler started
Looking for jobs to run
Next wakeup is due at 2023-01-12 14:31:34.570208+00:00 (in 14399.999290 seconds)
Adding job tentatively -- it will be properly scheduled when the scheduler starts
Added job "fetch_news" to job store "default"
Scheduler started
Looking for jobs to run
Next wakeup is due at 2023-01-12 14:31:35.032580+00:00 (in 14399.999541 seconds)
Watching for file changes with StatReloader
Starting new HTTP connection (1): iroyin-backend-env.eba-wmgpq2d7.us-west-2.elasticbeanstalk.com:80
http://iroyin-backend-env.eba-wmgpq2d7.us-west-2.elasticbeanstalk.com:80 "POST /auth/api/token/ HTTP/1.1" 200 483
200
{'refresh': 'eyJ0eXAiOiJKV1QiLCJhbGciOiJIUzI1NiJ9.eyJ0b2tlbl90eXBlIjoicmVmcmVzaCIsImV4cCI6MTY3MzYwNTkyMywiaWF0IjoxNjczNTE5NTIzLCJqdGkiOiIxZGZmOGU0YWJiOWY0ZmQ1Yjk0MWJhYTk2MTQ3MzczMSIsInVzZXJfaWQiOjF9.YDKczN_wKUbovgpMsn7qTfYMtKybIGd3sUcVTJq6Bys', 'access': 'eyJ0eXAiOiJKV1QiLCJhbGciOiJIUzI1NiJ9.eyJ0b2tlbl90eXBlIjoiYWNjZXNzIiwiZXhwIjoxNjczNjA1OTIzLCJpYXQiOjE2NzM1MTk1MjMsImp0aSI6ImQyNWI1M2FhNmY1ZDRjOGM5MWNkYTljYTAxODQ5NjFhIiwidXNlcl9pZCI6MX0.sA1uM5c0vY6KaPFYYWYsgaLA4ePM-wNUjZjlS361OPw'}
got the token
/Users/macbookpro/Documents/personal/iroyin-backend/authentication/views.py changed, reloading.
Adding job tentatively -- it will be properly scheduled when the scheduler starts
Added job "fetch_news" to job store "default"
Scheduler started
Looking for jobs to run
Next wakeup is due at 2023-01-12 16:52:58.017620+00:00 (in 14399.999614 seconds)
Watching for file changes with StatReloader
/Users/macbookpro/Documents/personal/iroyin-backend/authentication/views.py changed, reloading.
Adding job tentatively -- it will be properly scheduled when the scheduler starts
Added job "fetch_news" to job store "default"
Scheduler started
Looking for jobs to run
Next wakeup is due at 2023-01-12 17:00:07.775857+00:00 (in 14399.999580 seconds)
Watching for file changes with StatReloader
/Users/macbookpro/Documents/personal/iroyin-backend/authentication/views.py changed, reloading.
Adding job tentatively -- it will be properly scheduled when the scheduler starts
Added job "fetch_news" to job store "default"
Scheduler started
Looking for jobs to run
Next wakeup is due at 2023-01-12 17:00:11.706050+00:00 (in 14399.999666 seconds)
Watching for file changes with StatReloader
/Users/macbookpro/Documents/personal/iroyin-backend/authentication/views.py changed, reloading.
Adding job tentatively -- it will be properly scheduled when the scheduler starts
Added job "fetch_news" to job store "default"
Scheduler started
Looking for jobs to run
Next wakeup is due at 2023-01-12 17:00:18.440125+00:00 (in 14399.999636 seconds)
Watching for file changes with StatReloader
/Users/macbookpro/Documents/personal/iroyin-backend/authentication/views.py changed, reloading.
Adding job tentatively -- it will be properly scheduled when the scheduler starts
Added job "fetch_news" to job store "default"
Scheduler started
Looking for jobs to run
Next wakeup is due at 2023-01-12 17:00:27.012571+00:00 (in 14399.999623 seconds)
Watching for file changes with StatReloader
/Users/macbookpro/Documents/personal/iroyin-backend/authentication/views.py changed, reloading.
Adding job tentatively -- it will be properly scheduled when the scheduler starts
Added job "fetch_news" to job store "default"
Scheduler started
Looking for jobs to run
Next wakeup is due at 2023-01-12 17:00:52.852034+00:00 (in 14399.999611 seconds)
Watching for file changes with StatReloader
/Users/macbookpro/Documents/personal/iroyin-backend/authentication/views.py changed, reloading.
Adding job tentatively -- it will be properly scheduled when the scheduler starts
Added job "fetch_news" to job store "default"
Scheduler started
Looking for jobs to run
Next wakeup is due at 2023-01-12 17:00:58.361461+00:00 (in 14399.999652 seconds)
Watching for file changes with StatReloader
/Users/macbookpro/Documents/personal/iroyin-backend/authentication/views.py changed, reloading.
Adding job tentatively -- it will be properly scheduled when the scheduler starts
Added job "fetch_news" to job store "default"
Scheduler started
Looking for jobs to run
Next wakeup is due at 2023-01-12 17:01:07.129349+00:00 (in 14399.999697 seconds)
Watching for file changes with StatReloader
/Users/macbookpro/Documents/personal/iroyin-backend/authentication/views.py changed, reloading.
Adding job tentatively -- it will be properly scheduled when the scheduler starts
Added job "fetch_news" to job store "default"
Scheduler started
Looking for jobs to run
Next wakeup is due at 2023-01-12 17:01:14.069964+00:00 (in 14399.999528 seconds)
Watching for file changes with StatReloader
/Users/macbookpro/Documents/personal/iroyin-backend/authentication/views.py changed, reloading.
Adding job tentatively -- it will be properly scheduled when the scheduler starts
Added job "fetch_news" to job store "default"
Scheduler started
Looking for jobs to run
Next wakeup is due at 2023-01-12 17:01:18.645805+00:00 (in 14399.999677 seconds)
Watching for file changes with StatReloader
/Users/macbookpro/Documents/personal/iroyin-backend/authentication/views.py changed, reloading.
Adding job tentatively -- it will be properly scheduled when the scheduler starts
Added job "fetch_news" to job store "default"
Scheduler started
Looking for jobs to run
Next wakeup is due at 2023-01-12 17:01:21.177769+00:00 (in 14399.999668 seconds)
Watching for file changes with StatReloader
/Users/macbookpro/Documents/personal/iroyin-backend/authentication/views.py changed, reloading.
Adding job tentatively -- it will be properly scheduled when the scheduler starts
Added job "fetch_news" to job store "default"
Scheduler started
Looking for jobs to run
Next wakeup is due at 2023-01-12 17:01:23.666962+00:00 (in 14399.999667 seconds)
Watching for file changes with StatReloader
/Users/macbookpro/Documents/personal/iroyin-backend/authentication/views.py changed, reloading.
Adding job tentatively -- it will be properly scheduled when the scheduler starts
Added job "fetch_news" to job store "default"
Scheduler started
Looking for jobs to run
Next wakeup is due at 2023-01-12 17:01:26.114711+00:00 (in 14399.999610 seconds)
Watching for file changes with StatReloader
/Users/macbookpro/Documents/personal/iroyin-backend/authentication/views.py changed, reloading.
Adding job tentatively -- it will be properly scheduled when the scheduler starts
Added job "fetch_news" to job store "default"
Scheduler started
Looking for jobs to run
Next wakeup is due at 2023-01-12 17:03:36.901916+00:00 (in 14399.999446 seconds)
Watching for file changes with StatReloader
Adding job tentatively -- it will be properly scheduled when the scheduler starts
Added job "fetch_news" to job store "default"
Scheduler started
Looking for jobs to run
Next wakeup is due at 2023-01-12 17:04:49.072304+00:00 (in 14399.999415 seconds)
/Users/macbookpro/Documents/personal/iroyin-backend/authentication/views.py changed, reloading.
Adding job tentatively -- it will be properly scheduled when the scheduler starts
Added job "fetch_news" to job store "default"
Scheduler started
Looking for jobs to run
Next wakeup is due at 2023-01-12 17:07:38.506747+00:00 (in 14399.999408 seconds)
Watching for file changes with StatReloader
/Users/macbookpro/Documents/personal/iroyin-backend/authentication/views.py changed, reloading.
Adding job tentatively -- it will be properly scheduled when the scheduler starts
Added job "fetch_news" to job store "default"
Scheduler started
Looking for jobs to run
Next wakeup is due at 2023-01-12 17:07:41.801158+00:00 (in 14399.999617 seconds)
Watching for file changes with StatReloader
/Users/macbookpro/Documents/personal/iroyin-backend/authentication/views.py changed, reloading.
Adding job tentatively -- it will be properly scheduled when the scheduler starts
Added job "fetch_news" to job store "default"
Scheduler started
Looking for jobs to run
Next wakeup is due at 2023-01-12 17:07:45.790125+00:00 (in 14399.999620 seconds)
Watching for file changes with StatReloader
/Users/macbookpro/Documents/personal/iroyin-backend/authentication/views.py changed, reloading.
Adding job tentatively -- it will be properly scheduled when the scheduler starts
Added job "fetch_news" to job store "default"
Scheduler started
Looking for jobs to run
Next wakeup is due at 2023-01-12 17:07:50.776876+00:00 (in 14399.998979 seconds)
Watching for file changes with StatReloader
/Users/macbookpro/Documents/personal/iroyin-backend/authentication/views.py changed, reloading.
Adding job tentatively -- it will be properly scheduled when the scheduler starts
Added job "fetch_news" to job store "default"
Scheduler started
Looking for jobs to run
Next wakeup is due at 2023-01-12 17:07:55.381683+00:00 (in 14399.999681 seconds)
Watching for file changes with StatReloader
/Users/macbookpro/Documents/personal/iroyin-backend/authentication/views.py changed, reloading.
Adding job tentatively -- it will be properly scheduled when the scheduler starts
Added job "fetch_news" to job store "default"
Scheduler started
Looking for jobs to run
Next wakeup is due at 2023-01-12 17:08:03.446937+00:00 (in 14399.999611 seconds)
Watching for file changes with StatReloader
/Users/macbookpro/Documents/personal/iroyin-backend/authentication/views.py changed, reloading.
Adding job tentatively -- it will be properly scheduled when the scheduler starts
Added job "fetch_news" to job store "default"
Scheduler started
Looking for jobs to run
Next wakeup is due at 2023-01-12 17:08:17.067516+00:00 (in 14399.999435 seconds)
Watching for file changes with StatReloader
/Users/macbookpro/Documents/personal/iroyin-backend/authentication/views.py changed, reloading.
Adding job tentatively -- it will be properly scheduled when the scheduler starts
Added job "fetch_news" to job store "default"
Scheduler started
Looking for jobs to run
Next wakeup is due at 2023-01-12 17:08:33.695917+00:00 (in 14399.999429 seconds)
Watching for file changes with StatReloader
/Users/macbookpro/Documents/personal/iroyin-backend/authentication/views.py changed, reloading.
Adding job tentatively -- it will be properly scheduled when the scheduler starts
Added job "fetch_news" to job store "default"
Scheduler started
Looking for jobs to run
Next wakeup is due at 2023-01-12 17:08:37.363638+00:00 (in 14399.999560 seconds)
Watching for file changes with StatReloader
/Users/macbookpro/Documents/personal/iroyin-backend/authentication/views.py changed, reloading.
Adding job tentatively -- it will be properly scheduled when the scheduler starts
Added job "fetch_news" to job store "default"
Scheduler started
Looking for jobs to run
Next wakeup is due at 2023-01-12 17:08:40.204968+00:00 (in 14399.999628 seconds)
Watching for file changes with StatReloader
/Users/macbookpro/Documents/personal/iroyin-backend/authentication/views.py changed, reloading.
Adding job tentatively -- it will be properly scheduled when the scheduler starts
Added job "fetch_news" to job store "default"
Scheduler started
Looking for jobs to run
Next wakeup is due at 2023-01-12 17:08:53.751076+00:00 (in 14399.999498 seconds)
Watching for file changes with StatReloader
Not Found: /auth/login/
Adding job tentatively -- it will be properly scheduled when the scheduler starts
Added job "fetch_news" to job store "default"
Scheduler started
Looking for jobs to run
Next wakeup is due at 2023-01-12 17:12:41.029244+00:00 (in 14399.998178 seconds)
Adding job tentatively -- it will be properly scheduled when the scheduler starts
Added job "fetch_news" to job store "default"
Scheduler started
Looking for jobs to run
Next wakeup is due at 2023-01-12 17:12:41.531557+00:00 (in 14399.999527 seconds)
Watching for file changes with StatReloader
/Users/macbookpro/Documents/personal/iroyin-backend/Iroyin/settings.py changed, reloading.
